#
# A fatal error has been detected by the Java Runtime Environment:
#
#  EXCEPTION_ACCESS_VIOLATION (0xc0000005) at pc=0x0000000180005b00, pid=7652, tid=12080
#
# JRE version: Java(TM) SE Runtime Environment (12.0.2+10) (build 12.0.2+10)
# Java VM: Java HotSpot(TM) 64-Bit Server VM (12.0.2+10, mixed mode, sharing, tiered, compressed oops, g1 gc, windows-amd64)
# Problematic frame:
# C  [rxtxSerial.dll+0x5b00]
#
# No core dump will be written. Minidumps are not enabled by default on client versions of Windows
#
# If you would like to submit a bug report, please visit:
#   http://bugreport.java.com/bugreport/crash.jsp
# The crash happened outside the Java Virtual Machine in native code.
# See problematic frame for where to report the bug.
#

---------------  S U M M A R Y ------------

Command Line: -Djava.library.path=C:\Users\bomim\Desktop\TermProject_1\SerialExample\lib -Dfile.encoding=MS949 Serial

Host: Intel(R) Core(TM) i5-8265U CPU @ 1.60GHz, 8 cores, 7G,  Windows 10 , 64 bit Build 18362 (10.0.18362.329)
Time: Sun Nov 10 16:43:57 2019 ¢¥eCN©öI¡¾©ö C¡ÍA¨ª¨öA elapsed time: 0 seconds (0d 0h 0m 0s)

---------------  T H R E A D  ---------------

Current thread (0x000001aa02c1c000):  JavaThread "Thread-1" [_thread_in_native, id=12080, stack(0x0000000d38400000,0x0000000d38500000)]

Stack: [0x0000000d38400000,0x0000000d38500000],  sp=0x0000000d384fef70,  free space=1019k
Native frames: (J=compiled Java code, j=interpreted, Vv=VM code, C=native code)
C  [rxtxSerial.dll+0x5b00]

Java frames: (J=compiled Java code, j=interpreted, Vv=VM code)
j  gnu.io.RXTXPort.readArray([BII)I+0
j  gnu.io.RXTXPort$SerialInputStream.read([BII)I+212
j  gnu.io.RXTXPort$SerialInputStream.read([B)I+60
j  Serial$SerialReader.run()V+32
v  ~StubRoutines::call_stub

siginfo: EXCEPTION_ACCESS_VIOLATION (0xc0000005), reading address 0x00000000382fef08


Register to memory mapping:

RIP=0x0000000180005b00 rxtxSerial.dll
RAX=0x0000000000000001 is an unknown value
RBX=0x0 is NULL
RCX=0x000000018001d4d5 rxtxSerial.dll
RDX=0xfffffffffffff665 is an unknown value
RSP=0x0000000d384fef70 is pointing into the stack for thread: 0x000001aa02c1c000
RBP=
[error occurred during error reporting (printing register info), id 0xc0000005, EXCEPTION_ACCESS_VIOLATION (0xc0000005) at pc=0x00007ffac0c198df]

Registers:
RAX=0x0000000000000001, RBX=0x0000000000000000, RCX=0x000000018001d4d5, RDX=0xfffffffffffff665
RSP=0x0000000d384fef70, RBP=0x00000000ffffffff, RSI=0x0000000000000000, RDI=0x000001aa02c1c330
R8 =0x0000000000000002, R9 =0xfffffffffffff63c, R10=0x00007ffac0d0d2b0, R11=0x8101010101010100
R12=0x00000000382fef00, R13=0x0000000000000001, R14=0x0000000d384ff158, R15=0x0000000000000000
RIP=0x0000000180005b00, EFLAGS=0x0000000000010202

Top of Stack: (sp=0x0000000d384fef70)
0x0000000d384fef70:   0000000000000000 0000000000000000
0x0000000d384fef80:   0000000000000000 000001aa02c1c330
0x0000000d384fef90:   0000000000000000 0000000d384ff158
0x0000000d384fefa0:   000001aa0252a0a0 0000000000000001
0x0000000d384fefb0:   000001aa02c1c330 0000000000000001
0x0000000d384fefc0:   ffffffffffffffff 0000000180006211
0x0000000d384fefd0:   000001aa02a871d0 ffffffffffffffff
0x0000000d384fefe0:   0000000000000001 000001aa02a871d0
0x0000000d384feff0:   000001aa00000001 00007ffaffffffff
0x0000000d384ff000:   0000000d384ff160 0000000d384ff160
0x0000000d384ff010:   000001aa0252a0a0 000001aa02c1c000
0x0000000d384ff020:   000001aa02a03fb0 00007ffac0cb7843
0x0000000d384ff030:   0000000d384ff640 000001aa02c1c000
0x0000000d384ff040:   000001aa02c1c000 000095b2faf03f5d
0x0000000d384ff050:   000001aa0252a0a8 000001aa0252a0a0
0x0000000d384ff060:   000001aa02c1c000 0000000d384ff160 

Instructions: (pc=0x0000000180005b00)
0x0000000180005a00:   5d c3 cc cc cc cc cc cc cc cc cc cc cc cc cc cc
0x0000000180005a10:   48 89 5c 24 08 4c 89 4c 24 20 44 89 44 24 18 55
0x0000000180005a20:   56 57 41 54 41 55 41 56 41 57 48 83 ec 20 48 8b
0x0000000180005a30:   2a 48 8b 01 33 db 48 8b d5 48 8b f9 44 8b fb 8b
0x0000000180005a40:   f3 ff 90 f8 00 00 00 4c 8d 0d 9e 70 01 00 4c 8b
0x0000000180005a50:   e0 48 8b 07 4c 8d 05 b5 70 01 00 49 8b d4 48 8b
0x0000000180005a60:   cf ff 90 f0 02 00 00 48 8b cf 4c 8b c0 48 85 c0
0x0000000180005a70:   48 8b 07 75 28 ff 90 80 00 00 00 4c 8b 1f 48 8b
0x0000000180005a80:   cf 41 ff 93 88 00 00 00 4c 8b 1f 49 8b d4 48 8b
0x0000000180005a90:   cf 41 ff 93 b8 00 00 00 4c 8b e3 eb 54 48 8b d5
0x0000000180005aa0:   ff 90 20 03 00 00 49 8b d4 48 8b cf 48 63 e8 48
0x0000000180005ab0:   8b 07 ff 90 b8 00 00 00 48 8d 15 51 70 01 00 48
0x0000000180005ac0:   8d 0d 0e 7a 01 00 41 b8 02 00 00 00 e8 6f 62 00
0x0000000180005ad0:   00 85 c0 75 19 85 ed 75 15 e8 c2 5e 00 00 48 8d
0x0000000180005ae0:   15 23 7a 01 00 48 8d 48 60 e8 3a 5d 00 00 4c 8b
0x0000000180005af0:   e5 8b ac 24 88 00 00 00 44 8b ac 24 80 00 00 00
0x0000000180005b00:   45 8b 74 24 08 41 89 5c 24 08 41 8b fd 85 ed 78
0x0000000180005b10:   09 ff 15 e9 14 01 00 44 8b f8 45 85 ed 7e 4a 90
0x0000000180005b20:   8b c6 ff c6 83 f8 14 7d 40 85 ed 78 0d ff 15 cd
0x0000000180005b30:   14 01 00 41 2b c7 3b c5 7d 2f 8b 4c 24 70 48 63
0x0000000180005b40:   d3 44 8b c7 48 03 54 24 78 e8 a2 31 00 00 85 c0
0x0000000180005b50:   78 33 74 06 03 d8 2b f8 eb 0a b9 e8 03 00 00 e8
0x0000000180005b60:   1c 1c 00 00 41 3b dd 7c b7 8b c3 45 89 74 24 08
0x0000000180005b70:   48 8b 5c 24 60 48 83 c4 20 41 5f 41 5e 41 5d 41
0x0000000180005b80:   5c 5f 5e 5d c3 e8 1e 61 00 00 83 38 04 74 05 e8
0x0000000180005b90:   14 61 00 00 83 c8 ff eb d2 cc cc cc cc cc cc cc
0x0000000180005ba0:   40 53 55 56 57 41 54 41 55 48 81 ec b8 00 00 00
0x0000000180005bb0:   48 8b 05 71 85 01 00 48 33 c4 48 89 84 24 a0 00
0x0000000180005bc0:   00 00 48 8b 01 45 8b e9 41 8b f8 48 8b f2 48 8b
0x0000000180005bd0:   d9 ff 90 f8 00 00 00 4c 8b 13 4c 8d 0d 33 6f 01
0x0000000180005be0:   00 4c 8d 05 7c 6f 01 00 48 8b d0 48 8b cb 4c 8b
0x0000000180005bf0:   e0 41 ff 92 f0 02 00 00 33 ed 48 8b cb 4c 8b c0 


Stack slot to memory mapping:
stack at sp + 0 slots: 0x0 is NULL
stack at sp + 1 slots: 0x0 is NULL
stack at sp + 2 slots: 0x0 is NULL
stack at sp + 3 slots: 0x000001aa02c1c330 points into unknown readable memory: f0 4d 33 c1 fa 7f 00 00
stack at sp + 4 slots: 0x0 is NULL
stack at sp + 5 slots: 0x0000000d384ff158 is pointing into the stack for thread: 0x000001aa02c1c000
stack at sp + 6 slots: 0x000001aa0252a0a0 is pointing into metadata
stack at sp + 7 slots: 0x0000000000000001 is an unknown value


---------------  P R O C E S S  ---------------

Threads class SMR info:
_java_thread_list=0x000001aa60ce3f40, length=18, elements={
0x000001aa7f88e800, 0x000001aa7f890000, 0x000001aa7f8ad800, 0x000001aa7f8ae000,
0x000001aa7f8b0800, 0x000001aa7f8b7000, 0x000001aa7f8c9800, 0x000001aa7fa93000,
0x000001aa7fa99800, 0x000001aa7fd5c800, 0x000001aa7fd5f800, 0x000001aa7fd50800,
0x000001aa02a59800, 0x000001aa02a84000, 0x000001aa02a8a000, 0x000001aa02c1c000,
0x000001aa02de5800, 0x000001aa60ce5000
}

Java Threads: ( => current thread )
  0x000001aa7f88e800 JavaThread "Reference Handler" daemon [_thread_blocked, id=10284, stack(0x0000000d37400000,0x0000000d37500000)]
  0x000001aa7f890000 JavaThread "Finalizer" daemon [_thread_blocked, id=6176, stack(0x0000000d37500000,0x0000000d37600000)]
  0x000001aa7f8ad800 JavaThread "Signal Dispatcher" daemon [_thread_blocked, id=7492, stack(0x0000000d37600000,0x0000000d37700000)]
  0x000001aa7f8ae000 JavaThread "Attach Listener" daemon [_thread_blocked, id=8784, stack(0x0000000d37700000,0x0000000d37800000)]
  0x000001aa7f8b0800 JavaThread "C2 CompilerThread0" daemon [_thread_in_native, id=15016, stack(0x0000000d37800000,0x0000000d37900000)]
  0x000001aa7f8b7000 JavaThread "C1 CompilerThread0" daemon [_thread_in_vm, id=11884, stack(0x0000000d37900000,0x0000000d37a00000)]
  0x000001aa7f8c9800 JavaThread "Sweeper thread" daemon [_thread_blocked, id=15108, stack(0x0000000d37a00000,0x0000000d37b00000)]
  0x000001aa7fa93000 JavaThread "Service Thread" daemon [_thread_blocked, id=5748, stack(0x0000000d37b00000,0x0000000d37c00000)]
  0x000001aa7fa99800 JavaThread "Common-Cleaner" daemon [_thread_blocked, id=2324, stack(0x0000000d37d00000,0x0000000d37e00000)]
  0x000001aa7fd5c800 JavaThread "Java2D Disposer" daemon [_thread_blocked, id=12248, stack(0x0000000d37e00000,0x0000000d37f00000)]
  0x000001aa7fd5f800 JavaThread "AWT-Shutdown" [_thread_blocked, id=6432, stack(0x0000000d37f00000,0x0000000d38000000)]
  0x000001aa7fd50800 JavaThread "AWT-Windows" daemon [_thread_in_native, id=14936, stack(0x0000000d38000000,0x0000000d38100000)]
  0x000001aa02a59800 JavaThread "AWT-EventQueue-0" [_thread_in_native, id=14436, stack(0x0000000d38100000,0x0000000d38200000)]
  0x000001aa02a84000 JavaThread "Thread-0" [_thread_in_native, id=10840, stack(0x0000000d38200000,0x0000000d38300000)]
  0x000001aa02a8a000 JavaThread "C2 CompilerThread1" daemon [_thread_in_native, id=10460, stack(0x0000000d38300000,0x0000000d38400000)]
=>0x000001aa02c1c000 JavaThread "Thread-1" [_thread_in_native, id=12080, stack(0x0000000d38400000,0x0000000d38500000)]
  0x000001aa02de5800 JavaThread "Thread-2" [_thread_in_native, id=9432, stack(0x0000000d38500000,0x0000000d38600000)]
  0x000001aa60ce5000 JavaThread "DestroyJavaVM" [_thread_blocked, id=14996, stack(0x0000000d36d00000,0x0000000d36e00000)]

Other Threads:
  0x000001aa7f88c800 VMThread "VM Thread" [stack: 0x0000000d37300000,0x0000000d37400000] [id=9544]
  0x000001aa7fa96000 WatcherThread [stack: 0x0000000d37c00000,0x0000000d37d00000] [id=10744]
  0x000001aa60d21800 GCTaskThread "GC Thread#0" [stack: 0x0000000d36e00000,0x0000000d36f00000] [id=5368]
  0x000001aa60d2f000 ConcurrentGCThread "G1 Main Marker" [stack: 0x0000000d36f00000,0x0000000d37000000] [id=4548]
  0x000001aa60d33800 ConcurrentGCThread "G1 Conc#0" [stack: 0x0000000d37000000,0x0000000d37100000] [id=1588]
  0x000001aa60dbe000 ConcurrentGCThread "G1 Refine#0" [stack: 0x0000000d37100000,0x0000000d37200000] [id=9128]
  0x000001aa7f70a800 ConcurrentGCThread "G1 Young RemSet Sampling" [stack: 0x0000000d37200000,0x0000000d37300000] [id=10064]

Threads with active compile tasks:
C2 CompilerThread0   653       4       jdk.internal.org.objectweb.asm.Frame::execute (2305 bytes)
C1 CompilerThread0   786       3       sun.font.TrueTypeFont::getDirectoryEntry (38 bytes)
C2 CompilerThread1   771       4       java.lang.StringLatin1::compareToCI (108 bytes)

VM state:not at safepoint (normal execution)

VM Mutex/Monitor currently owned by a thread: None

Heap address: 0x0000000083200000, size: 1998 MB, Compressed Oops mode: 32-bit
Narrow klass base: 0x0000000800000000, Narrow klass shift: 3
Compressed class space size: 1073741824 Address: 0x0000000801190000

Heap:
 garbage-first heap   total 129024K, used 9216K [0x0000000083200000, 0x0000000100000000)
  region size 1024K, 8 young (8192K), 0 survivors (0K)
 Metaspace       used 6519K, capacity 6827K, committed 7040K, reserved 1056768K
  class space    used 733K, capacity 879K, committed 896K, reserved 1048576K
Heap Regions: E=young(eden), S=young(survivor), O=old, HS=humongous(starts), HC=humongous(continues), CS=collection set, F=free, A=archive, TAMS=top-at-mark-start (previous, next)
|   0|0x0000000083200000, 0x0000000083300000, 0x0000000083300000|100%|HS|  |TAMS 0x0000000083200000, 0x0000000083200000| Complete 
|   1|0x0000000083300000, 0x0000000083400000, 0x0000000083400000|100%|HC|  |TAMS 0x0000000083300000, 0x0000000083300000| Complete 
|   2|0x0000000083400000, 0x0000000083400000, 0x0000000083500000|  0%| F|  |TAMS 0x0000000083400000, 0x0000000083400000| Untracked 
|   3|0x0000000083500000, 0x0000000083500000, 0x0000000083600000|  0%| F|  |TAMS 0x0000000083500000, 0x0000000083500000| Untracked 
|   4|0x0000000083600000, 0x0000000083600000, 0x0000000083700000|  0%| F|  |TAMS 0x0000000083600000, 0x0000000083600000| Untracked 
|   5|0x0000000083700000, 0x0000000083700000, 0x0000000083800000|  0%| F|  |TAMS 0x0000000083700000, 0x0000000083700000| Untracked 
|   6|0x0000000083800000, 0x0000000083800000, 0x0000000083900000|  0%| F|  |TAMS 0x0000000083800000, 0x0000000083800000| Untracked 
|   7|0x0000000083900000, 0x0000000083900000, 0x0000000083a00000|  0%| F|  |TAMS 0x0000000083900000, 0x0000000083900000| Untracked 
|   8|0x0000000083a00000, 0x0000000083a00000, 0x0000000083b00000|  0%| F|  |TAMS 0x0000000083a00000, 0x0000000083a00000| Untracked 
|   9|0x0000000083b00000, 0x0000000083b00000, 0x0000000083c00000|  0%| F|  |TAMS 0x0000000083b00000, 0x0000000083b00000| Untracked 
|  10|0x0000000083c00000, 0x0000000083c00000, 0x0000000083d00000|  0%| F|  |TAMS 0x0000000083c00000, 0x0000000083c00000| Untracked 
|  11|0x0000000083d00000, 0x0000000083d00000, 0x0000000083e00000|  0%| F|  |TAMS 0x0000000083d00000, 0x0000000083d00000| Untracked 
|  12|0x0000000083e00000, 0x0000000083e00000, 0x0000000083f00000|  0%| F|  |TAMS 0x0000000083e00000, 0x0000000083e00000| Untracked 
|  13|0x0000000083f00000, 0x0000000083f00000, 0x0000000084000000|  0%| F|  |TAMS 0x0000000083f00000, 0x0000000083f00000| Untracked 
|  14|0x0000000084000000, 0x0000000084000000, 0x0000000084100000|  0%| F|  |TAMS 0x0000000084000000, 0x0000000084000000| Untracked 
|  15|0x0000000084100000, 0x0000000084100000, 0x0000000084200000|  0%| F|  |TAMS 0x0000000084100000, 0x0000000084100000| Untracked 
|  16|0x0000000084200000, 0x0000000084200000, 0x0000000084300000|  0%| F|  |TAMS 0x0000000084200000, 0x0000000084200000| Untracked 
|  17|0x0000000084300000, 0x0000000084300000, 0x0000000084400000|  0%| F|  |TAMS 0x0000000084300000, 0x0000000084300000| Untracked 
|  18|0x0000000084400000, 0x0000000084400000, 0x0000000084500000|  0%| F|  |TAMS 0x0000000084400000, 0x0000000084400000| Untracked 
|  19|0x0000000084500000, 0x0000000084500000, 0x0000000084600000|  0%| F|  |TAMS 0x0000000084500000, 0x0000000084500000| Untracked 
|  20|0x0000000084600000, 0x0000000084600000, 0x0000000084700000|  0%| F|  |TAMS 0x0000000084600000, 0x0000000084600000| Untracked 
|  21|0x0000000084700000, 0x0000000084700000, 0x0000000084800000|  0%| F|  |TAMS 0x0000000084700000, 0x0000000084700000| Untracked 
|  22|0x0000000084800000, 0x0000000084800000, 0x0000000084900000|  0%| F|  |TAMS 0x0000000084800000, 0x0000000084800000| Untracked 
|  23|0x0000000084900000, 0x0000000084900000, 0x0000000084a00000|  0%| F|  |TAMS 0x0000000084900000, 0x0000000084900000| Untracked 
|  24|0x0000000084a00000, 0x0000000084a00000, 0x0000000084b00000|  0%| F|  |TAMS 0x0000000084a00000, 0x0000000084a00000| Untracked 
|  25|0x0000000084b00000, 0x0000000084b00000, 0x0000000084c00000|  0%| F|  |TAMS 0x0000000084b00000, 0x0000000084b00000| Untracked 
|  26|0x0000000084c00000, 0x0000000084c00000, 0x0000000084d00000|  0%| F|  |TAMS 0x0000000084c00000, 0x0000000084c00000| Untracked 
|  27|0x0000000084d00000, 0x0000000084d00000, 0x0000000084e00000|  0%| F|  |TAMS 0x0000000084d00000, 0x0000000084d00000| Untracked 
|  28|0x0000000084e00000, 0x0000000084e00000, 0x0000000084f00000|  0%| F|  |TAMS 0x0000000084e00000, 0x0000000084e00000| Untracked 
|  29|0x0000000084f00000, 0x0000000084f00000, 0x0000000085000000|  0%| F|  |TAMS 0x0000000084f00000, 0x0000000084f00000| Untracked 
|  30|0x0000000085000000, 0x0000000085000000, 0x0000000085100000|  0%| F|  |TAMS 0x0000000085000000, 0x0000000085000000| Untracked 
|  31|0x0000000085100000, 0x0000000085100000, 0x0000000085200000|  0%| F|  |TAMS 0x0000000085100000, 0x0000000085100000| Untracked 
|  32|0x0000000085200000, 0x0000000085200000, 0x0000000085300000|  0%| F|  |TAMS 0x0000000085200000, 0x0000000085200000| Untracked 
|  33|0x0000000085300000, 0x0000000085300000, 0x0000000085400000|  0%| F|  |TAMS 0x0000000085300000, 0x0000000085300000| Untracked 
|  34|0x0000000085400000, 0x0000000085400000, 0x0000000085500000|  0%| F|  |TAMS 0x0000000085400000, 0x0000000085400000| Untracked 
|  35|0x0000000085500000, 0x0000000085500000, 0x0000000085600000|  0%| F|  |TAMS 0x0000000085500000, 0x0000000085500000| Untracked 
|  36|0x0000000085600000, 0x0000000085600000, 0x0000000085700000|  0%| F|  |TAMS 0x0000000085600000, 0x0000000085600000| Untracked 
|  37|0x0000000085700000, 0x0000000085700000, 0x0000000085800000|  0%| F|  |TAMS 0x0000000085700000, 0x0000000085700000| Untracked 
|  38|0x0000000085800000, 0x0000000085800000, 0x0000000085900000|  0%| F|  |TAMS 0x0000000085800000, 0x0000000085800000| Untracked 
|  39|0x0000000085900000, 0x0000000085900000, 0x0000000085a00000|  0%| F|  |TAMS 0x0000000085900000, 0x0000000085900000| Untracked 
|  40|0x0000000085a00000, 0x0000000085a00000, 0x0000000085b00000|  0%| F|  |TAMS 0x0000000085a00000, 0x0000000085a00000| Untracked 
|  41|0x0000000085b00000, 0x0000000085b00000, 0x0000000085c00000|  0%| F|  |TAMS 0x0000000085b00000, 0x0000000085b00000| Untracked 
|  42|0x0000000085c00000, 0x0000000085c00000, 0x0000000085d00000|  0%| F|  |TAMS 0x0000000085c00000, 0x0000000085c00000| Untracked 
|  43|0x0000000085d00000, 0x0000000085d00000, 0x0000000085e00000|  0%| F|  |TAMS 0x0000000085d00000, 0x0000000085d00000| Untracked 
|  44|0x0000000085e00000, 0x0000000085e00000, 0x0000000085f00000|  0%| F|  |TAMS 0x0000000085e00000, 0x0000000085e00000| Untracked 
|  45|0x0000000085f00000, 0x0000000085f00000, 0x0000000086000000|  0%| F|  |TAMS 0x0000000085f00000, 0x0000000085f00000| Untracked 
|  46|0x0000000086000000, 0x0000000086000000, 0x0000000086100000|  0%| F|  |TAMS 0x0000000086000000, 0x0000000086000000| Untracked 
|  47|0x0000000086100000, 0x0000000086100000, 0x0000000086200000|  0%| F|  |TAMS 0x0000000086100000, 0x0000000086100000| Untracked 
|  48|0x0000000086200000, 0x0000000086200000, 0x0000000086300000|  0%| F|  |TAMS 0x0000000086200000, 0x0000000086200000| Untracked 
|  49|0x0000000086300000, 0x0000000086300000, 0x0000000086400000|  0%| F|  |TAMS 0x0000000086300000, 0x0000000086300000| Untracked 
|  50|0x0000000086400000, 0x0000000086400000, 0x0000000086500000|  0%| F|  |TAMS 0x0000000086400000, 0x0000000086400000| Untracked 
|  51|0x0000000086500000, 0x0000000086500000, 0x0000000086600000|  0%| F|  |TAMS 0x0000000086500000, 0x0000000086500000| Untracked 
|  52|0x0000000086600000, 0x0000000086600000, 0x0000000086700000|  0%| F|  |TAMS 0x0000000086600000, 0x0000000086600000| Untracked 
|  53|0x0000000086700000, 0x0000000086700000, 0x0000000086800000|  0%| F|  |TAMS 0x0000000086700000, 0x0000000086700000| Untracked 
|  54|0x0000000086800000, 0x0000000086800000, 0x0000000086900000|  0%| F|  |TAMS 0x0000000086800000, 0x0000000086800000| Untracked 
|  55|0x0000000086900000, 0x0000000086900000, 0x0000000086a00000|  0%| F|  |TAMS 0x0000000086900000, 0x0000000086900000| Untracked 
|  56|0x0000000086a00000, 0x0000000086a00000, 0x0000000086b00000|  0%| F|  |TAMS 0x0000000086a00000, 0x0000000086a00000| Untracked 
|  57|0x0000000086b00000, 0x0000000086b00000, 0x0000000086c00000|  0%| F|  |TAMS 0x0000000086b00000, 0x0000000086b00000| Untracked 
|  58|0x0000000086c00000, 0x0000000086c00000, 0x0000000086d00000|  0%| F|  |TAMS 0x0000000086c00000, 0x0000000086c00000| Untracked 
|  59|0x0000000086d00000, 0x0000000086d00000, 0x0000000086e00000|  0%| F|  |TAMS 0x0000000086d00000, 0x0000000086d00000| Untracked 
|  60|0x0000000086e00000, 0x0000000086e00000, 0x0000000086f00000|  0%| F|  |TAMS 0x0000000086e00000, 0x0000000086e00000| Untracked 
|  61|0x0000000086f00000, 0x0000000086f00000, 0x0000000087000000|  0%| F|  |TAMS 0x0000000086f00000, 0x0000000086f00000| Untracked 
|  62|0x0000000087000000, 0x0000000087000000, 0x0000000087100000|  0%| F|  |TAMS 0x0000000087000000, 0x0000000087000000| Untracked 
|  63|0x0000000087100000, 0x0000000087100000, 0x0000000087200000|  0%| F|  |TAMS 0x0000000087100000, 0x0000000087100000| Untracked 
|  64|0x0000000087200000, 0x0000000087200000, 0x0000000087300000|  0%| F|  |TAMS 0x0000000087200000, 0x0000000087200000| Untracked 
|  65|0x0000000087300000, 0x0000000087300000, 0x0000000087400000|  0%| F|  |TAMS 0x0000000087300000, 0x0000000087300000| Untracked 
|  66|0x0000000087400000, 0x0000000087400000, 0x0000000087500000|  0%| F|  |TAMS 0x0000000087400000, 0x0000000087400000| Untracked 
|  67|0x0000000087500000, 0x0000000087500000, 0x0000000087600000|  0%| F|  |TAMS 0x0000000087500000, 0x0000000087500000| Untracked 
|  68|0x0000000087600000, 0x0000000087600000, 0x0000000087700000|  0%| F|  |TAMS 0x0000000087600000, 0x0000000087600000| Untracked 
|  69|0x0000000087700000, 0x0000000087700000, 0x0000000087800000|  0%| F|  |TAMS 0x0000000087700000, 0x0000000087700000| Untracked 
|  70|0x0000000087800000, 0x0000000087800000, 0x0000000087900000|  0%| F|  |TAMS 0x0000000087800000, 0x0000000087800000| Untracked 
|  71|0x0000000087900000, 0x0000000087900000, 0x0000000087a00000|  0%| F|  |TAMS 0x0000000087900000, 0x0000000087900000| Untracked 
|  72|0x0000000087a00000, 0x0000000087a00000, 0x0000000087b00000|  0%| F|  |TAMS 0x0000000087a00000, 0x0000000087a00000| Untracked 
|  73|0x0000000087b00000, 0x0000000087b00000, 0x0000000087c00000|  0%| F|  |TAMS 0x0000000087b00000, 0x0000000087b00000| Untracked 
|  74|0x0000000087c00000, 0x0000000087c00000, 0x0000000087d00000|  0%| F|  |TAMS 0x0000000087c00000, 0x0000000087c00000| Untracked 
|  75|0x0000000087d00000, 0x0000000087d00000, 0x0000000087e00000|  0%| F|  |TAMS 0x0000000087d00000, 0x0000000087d00000| Untracked 
|  76|0x0000000087e00000, 0x0000000087e00000, 0x0000000087f00000|  0%| F|  |TAMS 0x0000000087e00000, 0x0000000087e00000| Untracked 
|  77|0x0000000087f00000, 0x0000000087f00000, 0x0000000088000000|  0%| F|  |TAMS 0x0000000087f00000, 0x0000000087f00000| Untracked 
|  78|0x0000000088000000, 0x0000000088000000, 0x0000000088100000|  0%| F|  |TAMS 0x0000000088000000, 0x0000000088000000| Untracked 
|  79|0x0000000088100000, 0x0000000088100000, 0x0000000088200000|  0%| F|  |TAMS 0x0000000088100000, 0x0000000088100000| Untracked 
|  80|0x0000000088200000, 0x0000000088200000, 0x0000000088300000|  0%| F|  |TAMS 0x0000000088200000, 0x0000000088200000| Untracked 
|  81|0x0000000088300000, 0x0000000088300000, 0x0000000088400000|  0%| F|  |TAMS 0x0000000088300000, 0x0000000088300000| Untracked 
|  82|0x0000000088400000, 0x0000000088400000, 0x0000000088500000|  0%| F|  |TAMS 0x0000000088400000, 0x0000000088400000| Untracked 
|  83|0x0000000088500000, 0x0000000088500000, 0x0000000088600000|  0%| F|  |TAMS 0x0000000088500000, 0x0000000088500000| Untracked 
|  84|0x0000000088600000, 0x0000000088600000, 0x0000000088700000|  0%| F|  |TAMS 0x0000000088600000, 0x0000000088600000| Untracked 
|  85|0x0000000088700000, 0x0000000088700000, 0x0000000088800000|  0%| F|  |TAMS 0x0000000088700000, 0x0000000088700000| Untracked 
|  86|0x0000000088800000, 0x0000000088800000, 0x0000000088900000|  0%| F|  |TAMS 0x0000000088800000, 0x0000000088800000| Untracked 
|  87|0x0000000088900000, 0x0000000088900000, 0x0000000088a00000|  0%| F|  |TAMS 0x0000000088900000, 0x0000000088900000| Untracked 
|  88|0x0000000088a00000, 0x0000000088a00000, 0x0000000088b00000|  0%| F|  |TAMS 0x0000000088a00000, 0x0000000088a00000| Untracked 
|  89|0x0000000088b00000, 0x0000000088b00000, 0x0000000088c00000|  0%| F|  |TAMS 0x0000000088b00000, 0x0000000088b00000| Untracked 
|  90|0x0000000088c00000, 0x0000000088c00000, 0x0000000088d00000|  0%| F|  |TAMS 0x0000000088c00000, 0x0000000088c00000| Untracked 
|  91|0x0000000088d00000, 0x0000000088d00000, 0x0000000088e00000|  0%| F|  |TAMS 0x0000000088d00000, 0x0000000088d00000| Untracked 
|  92|0x0000000088e00000, 0x0000000088e00000, 0x0000000088f00000|  0%| F|  |TAMS 0x0000000088e00000, 0x0000000088e00000| Untracked 
|  93|0x0000000088f00000, 0x0000000088f00000, 0x0000000089000000|  0%| F|  |TAMS 0x0000000088f00000, 0x0000000088f00000| Untracked 
|  94|0x0000000089000000, 0x0000000089000000, 0x0000000089100000|  0%| F|  |TAMS 0x0000000089000000, 0x0000000089000000| Untracked 
|  95|0x0000000089100000, 0x0000000089100000, 0x0000000089200000|  0%| F|  |TAMS 0x0000000089100000, 0x0000000089100000| Untracked 
|  96|0x0000000089200000, 0x0000000089200000, 0x0000000089300000|  0%| F|  |TAMS 0x0000000089200000, 0x0000000089200000| Untracked 
|  97|0x0000000089300000, 0x0000000089300000, 0x0000000089400000|  0%| F|  |TAMS 0x0000000089300000, 0x0000000089300000| Untracked 
|  98|0x0000000089400000, 0x0000000089400000, 0x0000000089500000|  0%| F|  |TAMS 0x0000000089400000, 0x0000000089400000| Untracked 
|  99|0x0000000089500000, 0x0000000089500000, 0x0000000089600000|  0%| F|  |TAMS 0x0000000089500000, 0x0000000089500000| Untracked 
| 100|0x0000000089600000, 0x0000000089600000, 0x0000000089700000|  0%| F|  |TAMS 0x0000000089600000, 0x0000000089600000| Untracked 
| 101|0x0000000089700000, 0x0000000089700000, 0x0000000089800000|  0%| F|  |TAMS 0x0000000089700000, 0x0000000089700000| Untracked 
| 102|0x0000000089800000, 0x0000000089800000, 0x0000000089900000|  0%| F|  |TAMS 0x0000000089800000, 0x0000000089800000| Untracked 
| 103|0x0000000089900000, 0x0000000089900000, 0x0000000089a00000|  0%| F|  |TAMS 0x0000000089900000, 0x0000000089900000| Untracked 
| 104|0x0000000089a00000, 0x0000000089a00000, 0x0000000089b00000|  0%| F|  |TAMS 0x0000000089a00000, 0x0000000089a00000| Untracked 
| 105|0x0000000089b00000, 0x0000000089b00000, 0x0000000089c00000|  0%| F|  |TAMS 0x0000000089b00000, 0x0000000089b00000| Untracked 
| 106|0x0000000089c00000, 0x0000000089c00000, 0x0000000089d00000|  0%| F|  |TAMS 0x0000000089c00000, 0x0000000089c00000| Untracked 
| 107|0x0000000089d00000, 0x0000000089d00000, 0x0000000089e00000|  0%| F|  |TAMS 0x0000000089d00000, 0x0000000089d00000| Untracked 
| 108|0x0000000089e00000, 0x0000000089e00000, 0x0000000089f00000|  0%| F|  |TAMS 0x0000000089e00000, 0x0000000089e00000| Untracked 
| 109|0x0000000089f00000, 0x0000000089f00000, 0x000000008a000000|  0%| F|  |TAMS 0x0000000089f00000, 0x0000000089f00000| Untracked 
| 110|0x000000008a000000, 0x000000008a000000, 0x000000008a100000|  0%| F|  |TAMS 0x000000008a000000, 0x000000008a000000| Untracked 
| 111|0x000000008a100000, 0x000000008a100000, 0x000000008a200000|  0%| F|  |TAMS 0x000000008a100000, 0x000000008a100000| Untracked 
| 112|0x000000008a200000, 0x000000008a200000, 0x000000008a300000|  0%| F|  |TAMS 0x000000008a200000, 0x000000008a200000| Untracked 
| 113|0x000000008a300000, 0x000000008a300000, 0x000000008a400000|  0%| F|  |TAMS 0x000000008a300000, 0x000000008a300000| Untracked 
| 114|0x000000008a400000, 0x000000008a400000, 0x000000008a500000|  0%| F|  |TAMS 0x000000008a400000, 0x000000008a400000| Untracked 
| 115|0x000000008a500000, 0x000000008a500000, 0x000000008a600000|  0%| F|  |TAMS 0x000000008a500000, 0x000000008a500000| Untracked 
| 116|0x000000008a600000, 0x000000008a600000, 0x000000008a700000|  0%| F|  |TAMS 0x000000008a600000, 0x000000008a600000| Untracked 
| 117|0x000000008a700000, 0x000000008a77b590, 0x000000008a800000| 48%| E|  |TAMS 0x000000008a700000, 0x000000008a700000| Complete 
| 118|0x000000008a800000, 0x000000008a900000, 0x000000008a900000|100%| E|CS|TAMS 0x000000008a800000, 0x000000008a800000| Complete 
| 119|0x000000008a900000, 0x000000008aa00000, 0x000000008aa00000|100%| E|CS|TAMS 0x000000008a900000, 0x000000008a900000| Complete 
| 120|0x000000008aa00000, 0x000000008ab00000, 0x000000008ab00000|100%| E|CS|TAMS 0x000000008aa00000, 0x000000008aa00000| Complete 
| 121|0x000000008ab00000, 0x000000008ac00000, 0x000000008ac00000|100%| E|CS|TAMS 0x000000008ab00000, 0x000000008ab00000| Complete 
| 122|0x000000008ac00000, 0x000000008ad00000, 0x000000008ad00000|100%| E|CS|TAMS 0x000000008ac00000, 0x000000008ac00000| Complete 
| 123|0x000000008ad00000, 0x000000008ae00000, 0x000000008ae00000|100%| E|CS|TAMS 0x000000008ad00000, 0x000000008ad00000| Complete 
| 124|0x000000008ae00000, 0x000000008af00000, 0x000000008af00000|100%| E|CS|TAMS 0x000000008ae00000, 0x000000008ae00000| Complete 
| 125|0x000000008af00000, 0x000000008b000000, 0x000000008b000000|100%| E|CS|TAMS 0x000000008af00000, 0x000000008af00000| Complete 

Card table byte_map: [0x000001aa7a780000,0x000001aa7ab70000] _byte_map_base: 0x000001aa7a367000

Marking Bits (Prev, Next): (CMBitMap*) 0x000001aa60d223e8, (CMBitMap*) 0x000001aa60d22428
 Prev Bits: [0x000001aa7af60000, 0x000001aa7ce98000)
 Next Bits: [0x000001aa7cea0000, 0x000001aa7edd8000)

Polling page: 0x000001aa60b70000

Metaspace:

Usage:
  Non-class:      5.81 MB capacity,     5.65 MB ( 97%) used,   134.32 KB (  2%) free+waste,    23.56 KB ( <1%) overhead. 
      Class:    879.00 KB capacity,   733.09 KB ( 83%) used,   130.85 KB ( 15%) free+waste,    15.06 KB (  2%) overhead. 
       Both:      6.67 MB capacity,     6.37 MB ( 96%) used,   265.17 KB (  4%) free+waste,    38.63 KB ( <1%) overhead. 

Virtual space:
  Non-class space:        8.00 MB reserved,       6.00 MB ( 75%) committed 
      Class space:        1.00 GB reserved,     896.00 KB ( <1%) committed 
             Both:        1.01 GB reserved,       6.88 MB ( <1%) committed 

Chunk freelists:
   Non-Class:  512 bytes
       Class:  2.13 KB
        Both:  2.63 KB

CodeHeap 'non-profiled nmethods': size=120000Kb used=212Kb max_used=212Kb free=119787Kb
 bounds [0x000001aa723e0000, 0x000001aa72650000, 0x000001aa79910000]
CodeHeap 'profiled nmethods': size=120000Kb used=1308Kb max_used=1308Kb free=118691Kb
 bounds [0x000001aa6aeb0000, 0x000001aa6b120000, 0x000001aa723e0000]
CodeHeap 'non-nmethods': size=5760Kb used=1196Kb max_used=1210Kb free=4563Kb
 bounds [0x000001aa6a910000, 0x000001aa6ab80000, 0x000001aa6aeb0000]
 total_blobs=1464 nmethods=791 adapters=454
 compilation: enabled
              stopped_count=0, restarted_count=0
 full_count=0

Compilation events (10 events):
Event: 0.415 Thread 0x000001aa7f8b7000  658       1       java.util.zip.Inflater$InflaterZStreamRef::address (5 bytes)
Event: 0.416 Thread 0x000001aa7f8b7000 nmethod 658 0x000001aa7240d890 code [0x000001aa7240da40, 0x000001aa7240db78]
Event: 0.416 Thread 0x000001aa7f8b7000  655       1       java.net.URL::getHost (5 bytes)
Event: 0.416 Thread 0x000001aa7f8b7000 nmethod 655 0x000001aa7240dc10 code [0x000001aa7240ddc0, 0x000001aa7240def8]
Event: 0.421 Thread 0x000001aa7f8b7000  664       3       java.lang.Character::isSurrogate (18 bytes)
Event: 0.422 Thread 0x000001aa7f8b7000 nmethod 664 0x000001aa6afbc310 code [0x000001aa6afbc4c0, 0x000001aa6afbc698]
Event: 0.423 Thread 0x000001aa7f8b7000  665       3       java.lang.CharacterData00::toLowerCase (3403 bytes)
Event: 0.423 Thread 0x000001aa02a8a000  663       4       java.lang.CharacterData::of (120 bytes)
Event: 0.424 Thread 0x000001aa02a8a000 nmethod 663 0x000001aa7240df90 code [0x000001aa7240e120, 0x000001aa7240e198]
Event: 0.425 Thread 0x000001aa02a8a000  661       4       java.lang.StringLatin1::equals (36 bytes)

GC Heap History (0 events):
No events

Deoptimization events (5 events):
Event: 0.059 Thread 0x000001aa60ce5000 Uncommon trap: reason=unstable_if action=reinterpret pc=0x000001aa723e4ca8 method=java.lang.String.hashCode()I @ 14 c2
Event: 0.112 Thread 0x000001aa60ce5000 Uncommon trap: reason=unstable_if action=reinterpret pc=0x000001aa723e852c method=java.lang.String.charAt(I)C @ 4 c2
Event: 0.196 Thread 0x000001aa60ce5000 Uncommon trap: reason=unstable_if action=reinterpret pc=0x000001aa723f7ae0 method=java.lang.String.hashCode()I @ 22 c2
Event: 0.409 Thread 0x000001aa02a59800 Uncommon trap: reason=unstable_if action=reinterpret pc=0x000001aa723f9f58 method=java.lang.String.equals(Ljava/lang/Object;)Z @ 27 c2
Event: 0.409 Thread 0x000001aa02a59800 Uncommon trap: reason=uninitialized action=reinterpret pc=0x000001aa7240d264 method=java.lang.CharacterData.of(I)Ljava/lang/CharacterData; @ 96 c2

Classes redefined (0 events):
No events

Internal exceptions (10 events):
Event: 0.224 Thread 0x000001aa60ce5000 Exception <a 'java/lang/NoSuchMethodError'{0x000000008ac873f0}: java.lang.invoke.DirectMethodHandle$Holder.invokeSpecial(Ljava/lang/Object;Ljava/lang/Object;ILjava/lang/Object;Ljava/lang/Object;Ljava/lang/Object;)Ljava/lang/Object;> (0x000000008ac873f0) t
Event: 0.227 Thread 0x000001aa60ce5000 Exception <a 'java/lang/NoSuchMethodError'{0x000000008ac9d770}: java.lang.invoke.DirectMethodHandle$Holder.invokeStatic(Ljava/lang/Object;ILjava/lang/Object;)Ljava/lang/Object;> (0x000000008ac9d770) thrown at [t:/workspace/open/src/hotspot/share/interpret
Event: 0.254 Thread 0x000001aa60ce5000 Exception <a 'java/lang/ClassNotFoundException'{0x000000008ab41780}: com/sun/swing/internal/plaf/metal/resources/spi/metalProvider> (0x000000008ab41780) thrown at [t:/workspace/open/src/hotspot/share/classfile/systemDictionary.cpp, line 235]
Event: 0.255 Thread 0x000001aa60ce5000 Exception <a 'java/lang/ClassNotFoundException'{0x000000008ab45978}: com/sun/swing/internal/plaf/basic/resources/spi/basicProvider> (0x000000008ab45978) thrown at [t:/workspace/open/src/hotspot/share/classfile/systemDictionary.cpp, line 235]
Event: 0.312 Thread 0x000001aa60ce5000 Exception <a 'java/lang/NoSuchMethodError'{0x000000008abb1378}: java.lang.invoke.DirectMethodHandle$Holder.invokeStaticInit(Ljava/lang/Object;)V> (0x000000008abb1378) thrown at [t:/workspace/open/src/hotspot/share/interpreter/linkResolver.cpp, line 777]
Event: 0.322 Thread 0x000001aa60ce5000 Exception <a 'java/io/FileNotFoundException'{0x000000008abbd810}> (0x000000008abbd810) thrown at [t:/workspace/open/src/hotspot/share/prims/jni.cpp, line 615]
Event: 0.322 Thread 0x000001aa60ce5000 Exception <a 'java/lang/NullPointerException'{0x000000008abbe0f8}> (0x000000008abbe0f8) thrown at [t:/workspace/open/src/hotspot/share/interpreter/linkResolver.cpp, line 1356]
Event: 0.347 Thread 0x000001aa60ce5000 Exception <a 'java/lang/NoSuchMethodError'{0x000000008aa4e5f8}: java.lang.invoke.Invokers$Holder.linkToTargetMethod(Ljava/lang/Object;ILjava/lang/Object;)Ljava/lang/Object;> (0x000000008aa4e5f8) thrown at [t:/workspace/open/src/hotspot/share/interpreter/l
Event: 0.398 Thread 0x000001aa60ce5000 Exception <a 'java/io/FileNotFoundException'{0x000000008aa8b940}> (0x000000008aa8b940) thrown at [t:/workspace/open/src/hotspot/share/prims/jni.cpp, line 615]
Event: 0.403 Thread 0x000001aa60ce5000 Exception <a 'java/io/FileNotFoundException'{0x000000008aa9d670}> (0x000000008aa9d670) thrown at [t:/workspace/open/src/hotspot/share/prims/jni.cpp, line 615]

Events (10 events):
Event: 0.417 Thread 0x000001aa02a84000 Thread added: 0x000001aa02a84000
Event: 0.422 Thread 0x000001aa02a8a000 Thread added: 0x000001aa02a8a000
Event: 0.424 loading class Serial$SerialReader
Event: 0.424 loading class Serial$SerialReader done
Event: 0.425 Thread 0x000001aa02c1c000 Thread added: 0x000001aa02c1c000
Event: 0.426 loading class Serial$SerialWriter
Event: 0.426 loading class Serial$SerialWriter done
Event: 0.426 Thread 0x000001aa02de5800 Thread added: 0x000001aa02de5800
Event: 0.426 Thread 0x000001aa60ce5000 Thread exited: 0x000001aa60ce5000
Event: 0.426 Thread 0x000001aa60ce5000 Thread added: 0x000001aa60ce5000


Dynamic libraries:
0x00007ff7b25a0000 - 0x00007ff7b25af000 	C:\Program Files\Java\jdk-12.0.2\bin\javaw.exe
0x00007ffb09e60000 - 0x00007ffb0a050000 	C:\Windows\SYSTEM32\ntdll.dll
0x00007ffb08ab0000 - 0x00007ffb08b62000 	C:\Windows\System32\KERNEL32.DLL
0x00007ffb071c0000 - 0x00007ffb07463000 	C:\Windows\System32\KERNELBASE.dll
0x00007ffb07020000 - 0x00007ffb0711a000 	C:\Windows\System32\ucrtbase.dll
0x00007ffaed0b0000 - 0x00007ffaed0c6000 	C:\Program Files\Java\jdk-12.0.2\bin\VCRUNTIME140.dll
0x00007ffae7e70000 - 0x00007ffae7e88000 	C:\Program Files\Java\jdk-12.0.2\bin\jli.dll
0x00007ffb09720000 - 0x00007ffb097c3000 	C:\Windows\System32\ADVAPI32.dll
0x00007ffb097d0000 - 0x00007ffb0986e000 	C:\Windows\System32\msvcrt.dll
0x00007ffb08670000 - 0x00007ffb08707000 	C:\Windows\System32\sechost.dll
0x00007ffb08930000 - 0x00007ffb08a50000 	C:\Windows\System32\RPCRT4.dll
0x00007ffb07f70000 - 0x00007ffb08104000 	C:\Windows\System32\USER32.dll
0x00007ffb06ff0000 - 0x00007ffb07011000 	C:\Windows\System32\win32u.dll
0x00007ffaf4ee0000 - 0x00007ffaf5165000 	C:\Windows\WinSxS\amd64_microsoft.windows.common-controls_6595b64144ccf1df_6.0.18362.418_none_e6c6b287130d565d\COMCTL32.dll
0x00007ffb08110000 - 0x00007ffb08136000 	C:\Windows\System32\GDI32.dll
0x00007ffb09310000 - 0x00007ffb09646000 	C:\Windows\System32\combase.dll
0x00007ffb075f0000 - 0x00007ffb07784000 	C:\Windows\System32\gdi32full.dll
0x00007ffb07120000 - 0x00007ffb071be000 	C:\Windows\System32\msvcp_win.dll
0x00007ffb07520000 - 0x00007ffb075a0000 	C:\Windows\System32\bcryptPrimitives.dll
0x00007ffb01040000 - 0x00007ffb0104a000 	C:\Windows\SYSTEM32\VERSION.dll
0x00007ffb08730000 - 0x00007ffb0875e000 	C:\Windows\System32\IMM32.DLL
0x00007ffae4ee0000 - 0x00007ffae4f8a000 	C:\Program Files\Java\jdk-12.0.2\bin\msvcp140.dll
0x00007ffac0920000 - 0x00007ffac1497000 	C:\Program Files\Java\jdk-12.0.2\bin\server\jvm.dll
0x00007ffb08920000 - 0x00007ffb08928000 	C:\Windows\System32\PSAPI.DLL
0x00007ffb01430000 - 0x00007ffb01439000 	C:\Windows\SYSTEM32\WSOCK32.dll
0x00007ffafcba0000 - 0x00007ffafcbc4000 	C:\Windows\SYSTEM32\WINMM.dll
0x00007ffb087d0000 - 0x00007ffb0883f000 	C:\Windows\System32\WS2_32.dll
0x00007ffafcb70000 - 0x00007ffafcb9d000 	C:\Windows\SYSTEM32\winmmbase.dll
0x00007ffb075a0000 - 0x00007ffb075ea000 	C:\Windows\System32\cfgmgr32.dll
0x00007ffb06d40000 - 0x00007ffb06d51000 	C:\Windows\System32\kernel.appcore.dll
0x00007ffafe100000 - 0x00007ffafe111000 	C:\Program Files\Java\jdk-12.0.2\bin\verify.dll
0x00007ffb054e0000 - 0x00007ffb056d4000 	C:\Windows\SYSTEM32\DBGHELP.DLL
0x00007ffb020c0000 - 0x00007ffb020ea000 	C:\Windows\SYSTEM32\dbgcore.DLL
0x00007ffaf3cb0000 - 0x00007ffaf3cd6000 	C:\Program Files\Java\jdk-12.0.2\bin\java.dll
0x00007ffaf5720000 - 0x00007ffaf5737000 	C:\Program Files\Java\jdk-12.0.2\bin\zip.dll
0x00007ffb01420000 - 0x00007ffb0142a000 	C:\Program Files\Java\jdk-12.0.2\bin\jimage.dll
0x00007ffb08b70000 - 0x00007ffb09255000 	C:\Windows\System32\SHELL32.dll
0x00007ffb09650000 - 0x00007ffb096f9000 	C:\Windows\System32\shcore.dll
0x00007ffb07790000 - 0x00007ffb07f0f000 	C:\Windows\System32\windows.storage.dll
0x00007ffb06dd0000 - 0x00007ffb06def000 	C:\Windows\System32\profapi.dll
0x00007ffb06d80000 - 0x00007ffb06dca000 	C:\Windows\System32\powrprof.dll
0x00007ffb06d30000 - 0x00007ffb06d40000 	C:\Windows\System32\UMPDC.dll
0x00007ffb088c0000 - 0x00007ffb08912000 	C:\Windows\System32\shlwapi.dll
0x00007ffb06f40000 - 0x00007ffb06f57000 	C:\Windows\System32\cryptsp.dll
0x00007ffaf4030000 - 0x00007ffaf4049000 	C:\Program Files\Java\jdk-12.0.2\bin\net.dll
0x00007ffb01570000 - 0x00007ffb01660000 	C:\Windows\SYSTEM32\WINHTTP.dll
0x00007ffafbb40000 - 0x00007ffafbd16000 	C:\Windows\SYSTEM32\urlmon.dll
0x00007ffafb880000 - 0x00007ffafbb26000 	C:\Windows\SYSTEM32\iertutil.dll
0x00007ffb06c10000 - 0x00007ffb06c1c000 	C:\Windows\SYSTEM32\CRYPTBASE.DLL
0x00007ffb06540000 - 0x00007ffb065a7000 	C:\Windows\system32\mswsock.dll
0x00007ffaf3df0000 - 0x00007ffaf3e03000 	C:\Program Files\Java\jdk-12.0.2\bin\nio.dll
0x00007ffad89d0000 - 0x00007ffad8b6f000 	C:\Program Files\Java\jdk-12.0.2\bin\awt.dll
0x00007ffb084d0000 - 0x00007ffb08594000 	C:\Windows\System32\OLEAUT32.dll
0x00007ffb036b0000 - 0x00007ffb03c70000 	C:\Windows\SYSTEM32\d2d1.dll
0x00007ffb04b10000 - 0x00007ffb04b9f000 	C:\Windows\SYSTEM32\apphelp.dll
0x00007ffb05210000 - 0x00007ffb0523d000 	C:\Windows\system32\DWMAPI.DLL
0x00007ffb04ce0000 - 0x00007ffb04d79000 	C:\Windows\system32\uxtheme.dll
0x00007ffaf5c70000 - 0x00007ffaf5dc6000 	C:\Windows\system32\opengl32.dll
0x00007ffafe4a0000 - 0x00007ffafe4cc000 	C:\Windows\SYSTEM32\GLU32.dll
0x00007ffb05a10000 - 0x00007ffb05a30000 	C:\Windows\SYSTEM32\dxcore.dll
0x00007ffb09870000 - 0x00007ffb099a6000 	C:\Windows\System32\MSCTF.dll
0x00007ffb08140000 - 0x00007ffb08296000 	C:\Windows\System32\ole32.dll
0x00007ffae4df0000 - 0x00007ffae4e70000 	C:\Program Files\Java\jdk-12.0.2\bin\freetype.dll
0x00007ffad90f0000 - 0x00007ffad919b000 	C:\Program Files\Java\jdk-12.0.2\bin\fontmanager.dll
0x00007ffafe250000 - 0x00007ffafe2ee000 	C:\Windows\System32\TextInputFramework.dll
0x00007ffaf2cd0000 - 0x00007ffaf2ffa000 	C:\Windows\System32\CoreUIComponents.dll
0x00007ffb048d0000 - 0x00007ffb049a4000 	C:\Windows\System32\CoreMessaging.dll
0x00007ffb05d90000 - 0x00007ffb05dc1000 	C:\Windows\SYSTEM32\ntmarta.dll
0x00007ffb029a0000 - 0x00007ffb02af3000 	C:\Windows\SYSTEM32\wintypes.dll
0x0000000180000000 - 0x0000000180025000 	C:\Users\bomim\Desktop\TermProject_1\SerialExample\lib\rxtxSerial.dll

dbghelp: loaded successfully - version: 4.0.5 - missing functions: none
symbol engine: initialized successfully - sym options: 0x614 - pdb path: .;C:\Program Files\Java\jdk-12.0.2\bin;C:\Windows\SYSTEM32;C:\Windows\WinSxS\amd64_microsoft.windows.common-controls_6595b64144ccf1df_6.0.18362.418_none_e6c6b287130d565d;C:\Program Files\Java\jdk-12.0.2\bin\server;C:\Users\bomim\Desktop\TermProject_1\SerialExample\lib

VM Arguments:
jvm_args: -Djava.library.path=C:\Users\bomim\Desktop\TermProject_1\SerialExample\lib -Dfile.encoding=MS949 
java_command: Serial
java_class_path (initial): C:\Users\bomim\Desktop\TermProject_1\SerialExample\bin;C:\Users\bomim\Desktop\TermProject_1\SerialExample\lib\RXTXcomm.jar
Launcher Type: SUN_STANDARD

[Global flags]
     intx CICompilerCount                          = 4                                         {product} {ergonomic}
     uint ConcGCThreads                            = 2                                         {product} {ergonomic}
     uint G1ConcRefinementThreads                  = 8                                         {product} {ergonomic}
   size_t G1HeapRegionSize                         = 1048576                                   {product} {ergonomic}
    uintx GCDrainStackTargetSize                   = 64                                        {product} {ergonomic}
   size_t InitialHeapSize                          = 132120576                                 {product} {ergonomic}
   size_t MarkStackSize                            = 4194304                                   {product} {ergonomic}
   size_t MaxHeapSize                              = 2095054848                                {product} {ergonomic}
   size_t MaxNewSize                               = 1256194048                                {product} {ergonomic}
   size_t MinHeapDeltaBytes                        = 1048576                                   {product} {ergonomic}
    uintx NonNMethodCodeHeapSize                   = 5836300                                {pd product} {ergonomic}
    uintx NonProfiledCodeHeapSize                  = 122910970                              {pd product} {ergonomic}
    uintx ProfiledCodeHeapSize                     = 122910970                              {pd product} {ergonomic}
    uintx ReservedCodeCacheSize                    = 251658240                              {pd product} {ergonomic}
     bool SegmentedCodeCache                       = true                                      {product} {ergonomic}
     bool UseCompressedClassPointers               = true                                 {lp64_product} {ergonomic}
     bool UseCompressedOops                        = true                                 {lp64_product} {ergonomic}
     bool UseG1GC                                  = true                                      {product} {ergonomic}
     bool UseLargePagesIndividualAllocation        = false                                  {pd product} {ergonomic}

Logging:
Log output configuration:
 #0: stdout all=warning uptime,level,tags
 #1: stderr all=off uptime,level,tags

Environment Variables:
PATH=C:/Program Files/Java/jdk-12.0.2/bin/server;C:/Program Files/Java/jdk-12.0.2/bin;C:\Windows\system32;C:\Windows;C:\Windows\System32\Wbem;C:\Windows\System32\WindowsPowerShell\v1.0\;C:\Windows\System32\OpenSSH\;C:\Program Files\MySQL\MySQL Server 5.5\bin;C:\Users\bomim\AppData\Local\Microsoft\WindowsApps;;C:\Windows\System32;
USERNAME=bomim
OS=Windows_NT
PROCESSOR_IDENTIFIER=Intel64 Family 6 Model 142 Stepping 11, GenuineIntel



---------------  S Y S T E M  ---------------

OS: Windows 10 , 64 bit Build 18362 (10.0.18362.329)

CPU:total 8 (initial active 8) (4 cores per cpu, 2 threads per core) family 6 model 142 stepping 11, cmov, cx8, fxsr, mmx, sse, sse2, sse3, ssse3, sse4.1, sse4.2, popcnt, avx, avx2, aes, clmul, erms, 3dnowpref, lzcnt, ht, tsc, tscinvbit, bmi1, bmi2, adx, fma

Memory: 4k page, system-wide physical 7986M (3666M free)
TotalPageFile size 9266M (AvailPageFile size 4199M)
current process WorkingSet (physical memory assigned to process): 62M, peak: 62M
current process commit charge ("private bytes"): 219M, peak: 219M

vm_info: Java HotSpot(TM) 64-Bit Server VM (12.0.2+10) for windows-amd64 JRE (12.0.2+10), built on Jul 16 2019 01:56:17 by "mach5one" with MS VC++ 15.5 (VS2017)

END.
